../../bin/DuiLib_d.pdb
F:\CONFERENCE\BRANCHES\DEV_V3.0\BIN\DUILIB.DLL
F:\CONFERENCE\BRANCHES\DEV_V3.0\BIN\DUILIB_D.DLL
F:\CONFERENCE\BRANCHES\DEV_V3.0\BIN\DUILIB_D.PDB
F:\Conference\branches\dev_v3.0\Include\DuiLib\../../bin/DuiLib_d.dll
F:\Conference\branches\dev_v3.0\lib\DuiLib.exp
F:\Conference\branches\dev_v3.0\lib\DuiLib.lib
F:\Conference\branches\dev_v3.0\lib\DuiLib_d.exp
F:\Conference\branches\dev_v3.0\lib\DuiLib_d.lib
F:\Conference\branches\dev_v3.0\obj\Debug\DuiLib\cl.command.1.tlog
F:\Conference\branches\dev_v3.0\obj\Debug\DuiLib\CL.read.1.tlog
F:\Conference\branches\dev_v3.0\obj\Debug\DuiLib\CL.write.1.tlog
F:\CONFERENCE\BRANCHES\DEV_V3.0\OBJ\DEBUG\DUILIB\DUILIB.PCH
F:\Conference\branches\dev_v3.0\obj\Debug\DuiLib\DuiLib.write.1.tlog
F:\CONFERENCE\BRANCHES\DEV_V3.0\OBJ\DEBUG\DUILIB\DUILIB_D.PCH
F:\Conference\branches\dev_v3.0\obj\Debug\DuiLib\link.command.1.tlog
F:\Conference\branches\dev_v3.0\obj\Debug\DuiLib\link.read.1.tlog
F:\Conference\branches\dev_v3.0\obj\Debug\DuiLib\link.write.1.tlog
F:\CONFERENCE\BRANCHES\DEV_V3.0\OBJ\DEBUG\DUILIB\STB_IMAGE.OBJ
F:\CONFERENCE\BRANCHES\DEV_V3.0\OBJ\DEBUG\DUILIB\STDAFX.OBJ
F:\CONFERENCE\BRANCHES\DEV_V3.0\OBJ\DEBUG\DUILIB\TRAYICON.OBJ
F:\CONFERENCE\BRANCHES\DEV_V3.0\OBJ\DEBUG\DUILIB\UIACTIVEX.OBJ
F:\CONFERENCE\BRANCHES\DEV_V3.0\OBJ\DEBUG\DUILIB\UIBASE.OBJ
F:\CONFERENCE\BRANCHES\DEV_V3.0\OBJ\DEBUG\DUILIB\UIBUTTON.OBJ
F:\CONFERENCE\BRANCHES\DEV_V3.0\OBJ\DEBUG\DUILIB\UICHECKBOX.OBJ
F:\CONFERENCE\BRANCHES\DEV_V3.0\OBJ\DEBUG\DUILIB\UICHILDLAYOUT.OBJ
F:\CONFERENCE\BRANCHES\DEV_V3.0\OBJ\DEBUG\DUILIB\UICOMBO.OBJ
F:\CONFERENCE\BRANCHES\DEV_V3.0\OBJ\DEBUG\DUILIB\UICONTAINER.OBJ
F:\CONFERENCE\BRANCHES\DEV_V3.0\OBJ\DEBUG\DUILIB\UICONTROL.OBJ
F:\CONFERENCE\BRANCHES\DEV_V3.0\OBJ\DEBUG\DUILIB\UIDATETIME.OBJ
F:\CONFERENCE\BRANCHES\DEV_V3.0\OBJ\DEBUG\DUILIB\UIDELEGATE.OBJ
F:\CONFERENCE\BRANCHES\DEV_V3.0\OBJ\DEBUG\DUILIB\UIDLGBUILDER.OBJ
F:\CONFERENCE\BRANCHES\DEV_V3.0\OBJ\DEBUG\DUILIB\UIEDIT.OBJ
F:\CONFERENCE\BRANCHES\DEV_V3.0\OBJ\DEBUG\DUILIB\UIGIFANIM.OBJ
F:\CONFERENCE\BRANCHES\DEV_V3.0\OBJ\DEBUG\DUILIB\UIHORIZONTALLAYOUT.OBJ
F:\CONFERENCE\BRANCHES\DEV_V3.0\OBJ\DEBUG\DUILIB\UILABEL.OBJ
F:\CONFERENCE\BRANCHES\DEV_V3.0\OBJ\DEBUG\DUILIB\UILIB.OBJ
F:\CONFERENCE\BRANCHES\DEV_V3.0\OBJ\DEBUG\DUILIB\UILIST.OBJ
F:\CONFERENCE\BRANCHES\DEV_V3.0\OBJ\DEBUG\DUILIB\UIMANAGER.OBJ
F:\CONFERENCE\BRANCHES\DEV_V3.0\OBJ\DEBUG\DUILIB\UIMARKUP.OBJ
F:\CONFERENCE\BRANCHES\DEV_V3.0\OBJ\DEBUG\DUILIB\UIOPTION.OBJ
F:\CONFERENCE\BRANCHES\DEV_V3.0\OBJ\DEBUG\DUILIB\UIPROGRESS.OBJ
F:\CONFERENCE\BRANCHES\DEV_V3.0\OBJ\DEBUG\DUILIB\UIRENDER.OBJ
F:\CONFERENCE\BRANCHES\DEV_V3.0\OBJ\DEBUG\DUILIB\UIRICHEDIT.OBJ
F:\CONFERENCE\BRANCHES\DEV_V3.0\OBJ\DEBUG\DUILIB\UISCROLLBAR.OBJ
F:\CONFERENCE\BRANCHES\DEV_V3.0\OBJ\DEBUG\DUILIB\UISLIDER.OBJ
F:\CONFERENCE\BRANCHES\DEV_V3.0\OBJ\DEBUG\DUILIB\UITABLAYOUT.OBJ
F:\CONFERENCE\BRANCHES\DEV_V3.0\OBJ\DEBUG\DUILIB\UITEXT.OBJ
F:\CONFERENCE\BRANCHES\DEV_V3.0\OBJ\DEBUG\DUILIB\UITILELAYOUT.OBJ
F:\CONFERENCE\BRANCHES\DEV_V3.0\OBJ\DEBUG\DUILIB\UITREEVIEW.OBJ
F:\CONFERENCE\BRANCHES\DEV_V3.0\OBJ\DEBUG\DUILIB\UIVERTICALLAYOUT.OBJ
F:\CONFERENCE\BRANCHES\DEV_V3.0\OBJ\DEBUG\DUILIB\UIWEBBROWSER.OBJ
F:\CONFERENCE\BRANCHES\DEV_V3.0\OBJ\DEBUG\DUILIB\UTILS.OBJ
F:\Conference\branches\dev_v3.0\obj\Debug\DuiLib\vc100.idb
F:\CONFERENCE\BRANCHES\DEV_V3.0\OBJ\DEBUG\DUILIB\VC100.PDB
F:\CONFERENCE\BRANCHES\DEV_V3.0\OBJ\DEBUG\DUILIB\WINIMPLBASE.OBJ
F:\CONFERENCE\BRANCHES\DEV_V3.0\OBJ\DEBUG\DUILIB\WNDSHADOW.OBJ
F:\CONFERENCE\BRANCHES\DEV_V3.0\OBJ\DEBUG\DUILIB\XUNZIP.OBJ
