../../bin/Sharing_ud.ilk
../../bin/Sharing_ud.pdb
F:\CONFERENCE\BRANCHES\DEV_V3.0\BIN\SHARING.DLL
F:\CONFERENCE\BRANCHES\DEV_V3.0\BIN\SHARING.PDB
F:\CONFERENCE\BRANCHES\DEV_V3.0\BIN\SHARING_UD.DLL
F:\CONFERENCE\BRANCHES\DEV_V3.0\BIN\SHARING_UD.ILK
F:\CONFERENCE\BRANCHES\DEV_V3.0\BIN\SHARING_UD.PDB
F:\Conference\branches\dev_v3.0\obj\Debug\Sharing\cl.command.1.tlog
F:\Conference\branches\dev_v3.0\obj\Debug\Sharing\CL.read.1.tlog
F:\Conference\branches\dev_v3.0\obj\Debug\Sharing\CL.write.1.tlog
F:\CONFERENCE\BRANCHES\DEV_V3.0\OBJ\DEBUG\SHARING\DLLMAIN.OBJ
F:\Conference\branches\dev_v3.0\obj\Debug\Sharing\link.3648.read.1.tlog
F:\Conference\branches\dev_v3.0\obj\Debug\Sharing\link.3648.write.1.tlog
F:\Conference\branches\dev_v3.0\obj\Debug\Sharing\link.3648-cvtres.read.1.tlog
F:\Conference\branches\dev_v3.0\obj\Debug\Sharing\link.3648-cvtres.write.1.tlog
F:\Conference\branches\dev_v3.0\obj\Debug\Sharing\link.command.1.tlog
F:\Conference\branches\dev_v3.0\obj\Debug\Sharing\link.read.1.tlog
F:\Conference\branches\dev_v3.0\obj\Debug\Sharing\link.write.1.tlog
F:\Conference\branches\dev_v3.0\obj\Debug\Sharing\link-cvtres.read.1.tlog
F:\Conference\branches\dev_v3.0\obj\Debug\Sharing\link-cvtres.write.1.tlog
F:\Conference\branches\dev_v3.0\obj\Debug\Sharing\mt.command.1.tlog
F:\Conference\branches\dev_v3.0\obj\Debug\Sharing\mt.read.1.tlog
F:\Conference\branches\dev_v3.0\obj\Debug\Sharing\mt.write.1.tlog
F:\Conference\branches\dev_v3.0\obj\Debug\Sharing\rc.command.1.tlog
F:\Conference\branches\dev_v3.0\obj\Debug\Sharing\rc.read.1.tlog
F:\Conference\branches\dev_v3.0\obj\Debug\Sharing\rc.write.1.tlog
F:\CONFERENCE\BRANCHES\DEV_V3.0\OBJ\DEBUG\SHARING\SHARING.DLL.INTERMEDIATE.MANIFEST
F:\CONFERENCE\BRANCHES\DEV_V3.0\OBJ\DEBUG\SHARING\SHARING.OBJ
F:\Conference\branches\dev_v3.0\obj\Debug\Sharing\Sharing.pch
F:\Conference\branches\dev_v3.0\obj\Debug\Sharing\Sharing.write.1.tlog
F:\CONFERENCE\BRANCHES\DEV_V3.0\OBJ\DEBUG\SHARING\SHARING_UD.DLL.EMBED.MANIFEST
F:\CONFERENCE\BRANCHES\DEV_V3.0\OBJ\DEBUG\SHARING\SHARING_UD.DLL.EMBED.MANIFEST.RES
F:\CONFERENCE\BRANCHES\DEV_V3.0\OBJ\DEBUG\SHARING\SHARING_UD.DLL.INTERMEDIATE.MANIFEST
F:\Conference\branches\dev_v3.0\obj\Debug\Sharing\Sharing_ud.pch
F:\Conference\branches\dev_v3.0\obj\Debug\Sharing\Sharing_ud_manifest.rc
F:\CONFERENCE\BRANCHES\DEV_V3.0\OBJ\DEBUG\SHARING\SHARINGDLG.OBJ
F:\CONFERENCE\BRANCHES\DEV_V3.0\OBJ\DEBUG\SHARING\STDAFX.OBJ
F:\Conference\branches\dev_v3.0\obj\Debug\Sharing\vc100.idb
F:\CONFERENCE\BRANCHES\DEV_V3.0\OBJ\DEBUG\SHARING\VC100.PDB
F:\Conference\branches\dev_v3.0\Source\Sharing\../../bin/Sharing_ud.dll
