生成启动时间为 2016/7/19 15:08:37。
     1>项目“F:\Conference\branches\dev_v3.0\Source\QQDemo\QQDemo.vcxproj”在节点 2 上(build 个目标)。
       项目文件包含 ToolsVersion="12.0" 设置，而此版本的 MSBuild 不支持该工具版本。该项目将视为包含 ToolsVersion="4.0" 设置。
     1>InitializeBuildStatus:
         正在对“../../obj/Debug/QQDemo/QQDemo.unsuccessfulbuild”执行 Touch 任务。
       ClCompile:
         所有输出均为最新。
         C:\Program Files (x86)\Microsoft Visual Studio 10.0\VC\bin\CL.exe /c /Zi /nologo /W3 /WX- /Od /Oy- /D WIN32 /D _DEBUG /D _WINDOWS /D _VC80_UPGRADE=0x0600 /D _MBCS /Gm /EHsc /RTC1 /MTd /GS /fp:precise /Zc:wchar_t /Zc:forScope /Yu"stdafx.h" /Fp"../../obj/Debug/QQDemo/QQDemo_d.pch" /Fo".\Debug/" /Fd".\Debug/vc100.pdb" /FR"../../obj/Debug/QQDemo/" /Gd /TP /analyze- /errorReport:prompt main.cpp main_frame.cpp
         main.cpp
         正在生成代码...
         正在编译...
         main_frame.cpp
         正在生成代码...
       ResourceCompile:
         所有输出均为最新。
       Link:
         C:\Program Files (x86)\Microsoft Visual Studio 10.0\VC\bin\link.exe /ERRORREPORT:PROMPT /OUT:"../../bin/QQDemo_d.exe" /INCREMENTAL:NO /NOLOGO /LIBPATH:../../lib duilib_d.lib kernel32.lib user32.lib gdi32.lib winspool.lib comdlg32.lib advapi32.lib shell32.lib ole32.lib oleaut32.lib uuid.lib odbc32.lib odbccp32.lib /MANIFEST /ManifestFile:"../../obj/Debug/QQDemo/QQDemo_d.exe.intermediate.manifest" /MANIFESTUAC:"level='asInvoker' uiAccess='false'" /DEBUG /PDB:".\Debug/QQDemo.pdb" /MAP:".\Debug/QQDemo.map" /SUBSYSTEM:WINDOWS /TLBID:1 /DYNAMICBASE /NXCOMPAT /IMPLIB:"../../bin/QQDemo_d.lib" /MACHINE:X86 ../../obj/Debug/QQDemo/QQDemo.res
         .\Debug/debug.obj
         .\Debug/main.obj
         .\Debug/main_frame.obj
         .\Debug/StdAfx.obj
         QQDemo.vcxproj -> F:\Conference\branches\dev_v3.0\Source\QQDemo\../../bin/QQDemo_d.exe
       Manifest:
         C:\Program Files (x86)\Microsoft SDKs\Windows\v7.0A\bin\mt.exe /nologo /verbose /outputresource:"../../bin/QQDemo_d.exe;#1" /manifest ../../obj/Debug/QQDemo/QQDemo_d.exe.intermediate.manifest
       BscMake:
         C:\Program Files (x86)\Microsoft Visual Studio 10.0\VC\bin\bscmake.exe /nologo /o".\Debug/QQDemo.bsc" ../../obj/Debug/QQDemo/debug.sbr ../../obj/Debug/QQDemo/main.sbr ../../obj/Debug/QQDemo/main_frame.sbr ../../obj/Debug/QQDemo/StdAfx.sbr
       FinalizeBuildStatus:
         正在删除文件“../../obj/Debug/QQDemo/QQDemo.unsuccessfulbuild”。
         正在对“../../obj/Debug/QQDemo/QQDemo.lastbuildstate”执行 Touch 任务。
     1>已完成生成项目“F:\Conference\branches\dev_v3.0\Source\QQDemo\QQDemo.vcxproj”(build 个目标)的操作。

生成成功。

已用时间 00:00:01.67
