F:\CONFERENCE\BRANCHES\DEV_V3.0\BIN\QQDEMO_D.EXE
F:\Conference\branches\dev_v3.0\obj\Debug\QQDemo\BscMake.command.1.tlog
F:\Conference\branches\dev_v3.0\obj\Debug\QQDemo\bscmake.read.1.tlog
F:\Conference\branches\dev_v3.0\obj\Debug\QQDemo\bscmake.write.1.tlog
F:\CONFERENCE\BRANCHES\DEV_V3.0\OBJ\DEBUG\QQDEMO\CHAT_DIALOG.SBR
F:\Conference\branches\dev_v3.0\obj\Debug\QQDemo\cl.command.1.tlog
F:\Conference\branches\dev_v3.0\obj\Debug\QQDemo\CL.read.1.tlog
F:\Conference\branches\dev_v3.0\obj\Debug\QQDemo\CL.write.1.tlog
F:\CONFERENCE\BRANCHES\DEV_V3.0\OBJ\DEBUG\QQDEMO\COLOR_SKIN.SBR
F:\CONFERENCE\BRANCHES\DEV_V3.0\OBJ\DEBUG\QQDEMO\COLORPICKER.SBR
F:\CONFERENCE\BRANCHES\DEV_V3.0\OBJ\DEBUG\QQDEMO\DEBUG.SBR
F:\Conference\branches\dev_v3.0\obj\Debug\QQDemo\link.command.1.tlog
F:\Conference\branches\dev_v3.0\obj\Debug\QQDemo\link.read.1.tlog
F:\Conference\branches\dev_v3.0\obj\Debug\QQDemo\link.write.1.tlog
F:\Conference\branches\dev_v3.0\obj\Debug\QQDemo\link-cvtres.read.1.tlog
F:\Conference\branches\dev_v3.0\obj\Debug\QQDemo\link-cvtres.write.1.tlog
F:\CONFERENCE\BRANCHES\DEV_V3.0\OBJ\DEBUG\QQDEMO\MAIN.SBR
F:\CONFERENCE\BRANCHES\DEV_V3.0\OBJ\DEBUG\QQDEMO\MAIN_FRAME.SBR
F:\Conference\branches\dev_v3.0\obj\Debug\QQDemo\mt.command.1.tlog
F:\Conference\branches\dev_v3.0\obj\Debug\QQDemo\mt.read.1.tlog
F:\Conference\branches\dev_v3.0\obj\Debug\QQDemo\mt.write.1.tlog
F:\CONFERENCE\BRANCHES\DEV_V3.0\OBJ\DEBUG\QQDEMO\QQDEMO.RES
F:\CONFERENCE\BRANCHES\DEV_V3.0\OBJ\DEBUG\QQDEMO\QQDEMO_D.EXE.INTERMEDIATE.MANIFEST
F:\CONFERENCE\BRANCHES\DEV_V3.0\OBJ\DEBUG\QQDEMO\QQDEMO_D.PCH
F:\Conference\branches\dev_v3.0\obj\Debug\QQDemo\rc.command.1.tlog
F:\Conference\branches\dev_v3.0\obj\Debug\QQDemo\rc.read.1.tlog
F:\Conference\branches\dev_v3.0\obj\Debug\QQDemo\rc.write.1.tlog
F:\CONFERENCE\BRANCHES\DEV_V3.0\OBJ\DEBUG\QQDEMO\STDAFX.SBR
F:\CONFERENCE\BRANCHES\DEV_V3.0\OBJ\DEBUG\QQDEMO\UIFRIENDS.SBR
F:\CONFERENCE\BRANCHES\DEV_V3.0\OBJ\DEBUG\QQDEMO\UIGROUPS.SBR
F:\CONFERENCE\BRANCHES\DEV_V3.0\OBJ\DEBUG\QQDEMO\UILISTCOMMONDEFINE.SBR
F:\CONFERENCE\BRANCHES\DEV_V3.0\OBJ\DEBUG\QQDEMO\UIMICROBLOG.SBR
F:\CONFERENCE\BRANCHES\DEV_V3.0\OBJ\DEBUG\QQDEMO\XUNZIP.SBR
F:\Conference\branches\dev_v3.0\Source\QQDemo\../../bin/QQDemo_d.exe
F:\CONFERENCE\BRANCHES\DEV_V3.0\SOURCE\QQDEMO\DEBUG\CHAT_DIALOG.OBJ
F:\CONFERENCE\BRANCHES\DEV_V3.0\SOURCE\QQDEMO\DEBUG\COLOR_SKIN.OBJ
F:\CONFERENCE\BRANCHES\DEV_V3.0\SOURCE\QQDEMO\DEBUG\COLORPICKER.OBJ
F:\CONFERENCE\BRANCHES\DEV_V3.0\SOURCE\QQDEMO\DEBUG\DEBUG.OBJ
F:\CONFERENCE\BRANCHES\DEV_V3.0\SOURCE\QQDEMO\DEBUG\MAIN.OBJ
F:\CONFERENCE\BRANCHES\DEV_V3.0\SOURCE\QQDEMO\DEBUG\MAIN_FRAME.OBJ
F:\CONFERENCE\BRANCHES\DEV_V3.0\SOURCE\QQDEMO\DEBUG\QQDEMO.BSC
F:\CONFERENCE\BRANCHES\DEV_V3.0\SOURCE\QQDEMO\DEBUG\QQDEMO.MAP
F:\CONFERENCE\BRANCHES\DEV_V3.0\SOURCE\QQDEMO\DEBUG\QQDEMO.PDB
F:\CONFERENCE\BRANCHES\DEV_V3.0\SOURCE\QQDEMO\DEBUG\STDAFX.OBJ
F:\CONFERENCE\BRANCHES\DEV_V3.0\SOURCE\QQDEMO\DEBUG\UIFRIENDS.OBJ
F:\CONFERENCE\BRANCHES\DEV_V3.0\SOURCE\QQDEMO\DEBUG\UIGROUPS.OBJ
F:\CONFERENCE\BRANCHES\DEV_V3.0\SOURCE\QQDEMO\DEBUG\UILISTCOMMONDEFINE.OBJ
F:\CONFERENCE\BRANCHES\DEV_V3.0\SOURCE\QQDEMO\DEBUG\UIMICROBLOG.OBJ
F:\CONFERENCE\BRANCHES\DEV_V3.0\SOURCE\QQDEMO\DEBUG\VC100.PDB
F:\CONFERENCE\BRANCHES\DEV_V3.0\SOURCE\QQDEMO\DEBUG\XUNZIP.OBJ
