生成启动时间为 2016/8/29 16:01:43。
     1>项目“F:\Conference\branches\dev_v3.0\Source\FileShare\FileShare.vcxproj”在节点 2 上(build 个目标)。
     1>InitializeBuildStatus:
         正在创建“../../obj/Debug/FileShare/FileShare.unsuccessfulbuild”，因为已指定“AlwaysCreate”。
       ClCompile:
         C:\Program Files (x86)\Microsoft Visual Studio 10.0\VC\bin\CL.exe /c /ZI /nologo /W3 /WX- /Od /Oy- /D WIN32 /D _WINDOWS /D _DEBUG /D _USRDLL /D _WINDLL /D _UNICODE /D UNICODE /D _AFXDLL /Gm /EHsc /RTC1 /MDd /GS /fp:precise /Zc:wchar_t /Zc:forScope /Yc"StdAfx.h" /Fp"../../obj/Debug/FileShare/FileShare_ud.pch" /Fo"../../obj/Debug/FileShare/" /Fd"../../obj/Debug/FileShare/vc100.pdb" /Gd /TP /analyze- /errorReport:prompt stdafx.cpp
         stdafx.cpp
         C:\Program Files (x86)\Microsoft Visual Studio 10.0\VC\bin\CL.exe /c /ZI /nologo /W3 /WX- /Od /Oy- /D WIN32 /D _WINDOWS /D _DEBUG /D _USRDLL /D _WINDLL /D _UNICODE /D UNICODE /D _AFXDLL /Gm /EHsc /RTC1 /MDd /GS /fp:precise /Zc:wchar_t /Zc:forScope /Yu"StdAfx.h" /Fp"../../obj/Debug/FileShare/FileShare_ud.pch" /Fo"../../obj/Debug/FileShare/" /Fd"../../obj/Debug/FileShare/vc100.pdb" /Gd /TP /analyze- /errorReport:prompt FileShare.cpp
         FileShare.cpp
       ResourceCompile:
         C:\Program Files (x86)\Microsoft SDKs\Windows\v7.0A\bin\rc.exe /D _DEBUG /D _UNICODE /D UNICODE /D _AFXDLL /l"0x0804" /I../../obj/Debug/FileShare/ /nologo /fo"../../obj/Debug/FileShare/FileShare.res" FileShare.rc 
       ManifestResourceCompile:
         C:\Program Files (x86)\Microsoft SDKs\Windows\v7.0A\bin\rc.exe /nologo /fo"../../obj/Debug/FileShare/FileShare_ud.dll.embed.manifest.res" ../../obj/Debug/FileShare/FileShare_ud_manifest.rc 
       Link:
         C:\Program Files (x86)\Microsoft Visual Studio 10.0\VC\bin\link.exe /ERRORREPORT:PROMPT /OUT:"../../bin/FileShare_ud.dll" /INCREMENTAL /NOLOGO /LIBPATH:../../lib/ /DEF:".\FileShare.def" /MANIFEST /ManifestFile:"../../obj/Debug/FileShare/FileShare_ud.dll.intermediate.manifest" /MANIFESTUAC:"level='asInvoker' uiAccess='false'" /DEBUG /PDB:"../../bin/FileShare_ud.pdb" /SUBSYSTEM:WINDOWS /TLBID:1 /DYNAMICBASE /NXCOMPAT /IMPLIB:"../../lib/FileShare_ud.lib" /MACHINE:X86 /DLL ../../obj/Debug/FileShare/FileShare.res
         ../../obj/Debug/FileShare/FileShare_ud.dll.embed.manifest.res
         ../../obj/Debug/FileShare/FileShare.obj
         ../../obj/Debug/FileShare/stdafx.obj
            正在创建库 ../../lib/FileShare_ud.lib 和对象 ../../lib/FileShare_ud.exp
       Manifest:
         C:\Program Files (x86)\Microsoft SDKs\Windows\v7.0A\bin\mt.exe /nologo /verbose /out:"../../obj/Debug/FileShare/FileShare_ud.dll.embed.manifest" /manifest ../../obj/Debug/FileShare/FileShare_ud.dll.intermediate.manifest "C:\Program Files (x86)\Microsoft Visual Studio 10.0\VC\Include\Manifest\dpiaware.manifest"
         C:\Program Files (x86)\Microsoft SDKs\Windows\v7.0A\bin\rc.exe /nologo /fo"../../obj/Debug/FileShare/FileShare_ud.dll.embed.manifest.res" ../../obj/Debug/FileShare/FileShare_ud_manifest.rc 
       LinkEmbedManifest:
         C:\Program Files (x86)\Microsoft Visual Studio 10.0\VC\bin\link.exe /ERRORREPORT:PROMPT /OUT:"../../bin/FileShare_ud.dll" /INCREMENTAL /NOLOGO /LIBPATH:../../lib/ /DEF:".\FileShare.def" /MANIFEST /ManifestFile:"../../obj/Debug/FileShare/FileShare_ud.dll.intermediate.manifest" /MANIFESTUAC:"level='asInvoker' uiAccess='false'" /DEBUG /PDB:"../../bin/FileShare_ud.pdb" /SUBSYSTEM:WINDOWS /TLBID:1 /DYNAMICBASE /NXCOMPAT /IMPLIB:"../../lib/FileShare_ud.lib" /MACHINE:X86 /DLL ../../obj/Debug/FileShare/FileShare.res
         ../../obj/Debug/FileShare/FileShare_ud.dll.embed.manifest.res
         ../../obj/Debug/FileShare/FileShare.obj
         ../../obj/Debug/FileShare/stdafx.obj
            正在创建库 ../../lib/FileShare_ud.lib 和对象 ../../lib/FileShare_ud.exp
         FileShare.vcxproj -> F:\Conference\branches\dev_v3.0\Source\FileShare\../../bin/FileShare_ud.dll
       FinalizeBuildStatus:
         正在删除文件“../../obj/Debug/FileShare/FileShare.unsuccessfulbuild”。
         正在对“../../obj/Debug/FileShare/FileShare.lastbuildstate”执行 Touch 任务。
     1>已完成生成项目“F:\Conference\branches\dev_v3.0\Source\FileShare\FileShare.vcxproj”(build 个目标)的操作。

生成成功。

已用时间 00:00:02.69
