../../bin/FileShare_ud.ilk
../../bin/FileShare_ud.pdb
F:\CONFERENCE\BRANCHES\DEV_V3.0\BIN\FILESHARE_UD.DLL
F:\Conference\branches\dev_v3.0\bin\FileShare_ud.exp
F:\CONFERENCE\BRANCHES\DEV_V3.0\BIN\FILESHARE_UD.ILK
F:\Conference\branches\dev_v3.0\bin\FileShare_ud.lib
F:\CONFERENCE\BRANCHES\DEV_V3.0\BIN\FILESHARE_UD.PDB
F:\Conference\branches\dev_v3.0\obj\Debug\FileShare\cl.command.1.tlog
F:\Conference\branches\dev_v3.0\obj\Debug\FileShare\CL.read.1.tlog
F:\Conference\branches\dev_v3.0\obj\Debug\FileShare\CL.write.1.tlog
F:\CONFERENCE\BRANCHES\DEV_V3.0\OBJ\DEBUG\FILESHARE\FILESHARE.OBJ
F:\CONFERENCE\BRANCHES\DEV_V3.0\OBJ\DEBUG\FILESHARE\FILESHARE.RES
F:\Conference\branches\dev_v3.0\obj\Debug\FileShare\FileShare.write.1.tlog
F:\CONFERENCE\BRANCHES\DEV_V3.0\OBJ\DEBUG\FILESHARE\FILESHARE_UD.DLL.EMBED.MANIFEST
F:\CONFERENCE\BRANCHES\DEV_V3.0\OBJ\DEBUG\FILESHARE\FILESHARE_UD.DLL.EMBED.MANIFEST.RES
F:\CONFERENCE\BRANCHES\DEV_V3.0\OBJ\DEBUG\FILESHARE\FILESHARE_UD.DLL.INTERMEDIATE.MANIFEST
F:\CONFERENCE\BRANCHES\DEV_V3.0\OBJ\DEBUG\FILESHARE\FILESHARE_UD.PCH
F:\Conference\branches\dev_v3.0\obj\Debug\FileShare\FileShare_ud_manifest.rc
F:\Conference\branches\dev_v3.0\obj\Debug\FileShare\link.4064.read.1.tlog
F:\Conference\branches\dev_v3.0\obj\Debug\FileShare\link.4064.write.1.tlog
F:\Conference\branches\dev_v3.0\obj\Debug\FileShare\link.4064-cvtres.read.1.tlog
F:\Conference\branches\dev_v3.0\obj\Debug\FileShare\link.4064-cvtres.write.1.tlog
F:\Conference\branches\dev_v3.0\obj\Debug\FileShare\link.command.1.tlog
F:\Conference\branches\dev_v3.0\obj\Debug\FileShare\link.read.1.tlog
F:\Conference\branches\dev_v3.0\obj\Debug\FileShare\link.write.1.tlog
F:\Conference\branches\dev_v3.0\obj\Debug\FileShare\link-cvtres.read.1.tlog
F:\Conference\branches\dev_v3.0\obj\Debug\FileShare\link-cvtres.write.1.tlog
F:\Conference\branches\dev_v3.0\obj\Debug\FileShare\mt.command.1.tlog
F:\Conference\branches\dev_v3.0\obj\Debug\FileShare\mt.read.1.tlog
F:\Conference\branches\dev_v3.0\obj\Debug\FileShare\mt.write.1.tlog
F:\Conference\branches\dev_v3.0\obj\Debug\FileShare\rc.command.1.tlog
F:\Conference\branches\dev_v3.0\obj\Debug\FileShare\rc.read.1.tlog
F:\Conference\branches\dev_v3.0\obj\Debug\FileShare\rc.write.1.tlog
F:\CONFERENCE\BRANCHES\DEV_V3.0\OBJ\DEBUG\FILESHARE\STDAFX.OBJ
F:\Conference\branches\dev_v3.0\obj\Debug\FileShare\vc100.idb
F:\CONFERENCE\BRANCHES\DEV_V3.0\OBJ\DEBUG\FILESHARE\VC100.PDB
F:\Conference\branches\dev_v3.0\Source\FileShare\../../bin/FileShare_ud.dll
