../../bin/Conference_ud.pdb
F:\CONFERENCE\BRANCHES\DEV_V3.0\BIN\CONFERENCE.EXE
F:\Conference\branches\dev_v3.0\bin\Conference.exp
F:\Conference\branches\dev_v3.0\bin\Conference.lib
F:\CONFERENCE\BRANCHES\DEV_V3.0\BIN\CONFERENCE_UD.EXE
F:\Conference\branches\dev_v3.0\bin\Conference_ud.exp
F:\Conference\branches\dev_v3.0\bin\Conference_ud.lib
F:\CONFERENCE\BRANCHES\DEV_V3.0\BIN\CONFERENCE_UD.PDB
F:\Conference\branches\dev_v3.0\obj\Debug\Conference\cl.command.1.tlog
F:\Conference\branches\dev_v3.0\obj\Debug\Conference\CL.read.1.tlog
F:\Conference\branches\dev_v3.0\obj\Debug\Conference\CL.write.1.tlog
F:\Conference\branches\dev_v3.0\obj\Debug\Conference\Conference.exe.intermediate.manifest
F:\CONFERENCE\BRANCHES\DEV_V3.0\OBJ\DEBUG\CONFERENCE\CONFERENCE.PCH
F:\CONFERENCE\BRANCHES\DEV_V3.0\OBJ\DEBUG\CONFERENCE\CONFERENCE.RES
F:\Conference\branches\dev_v3.0\obj\Debug\Conference\Conference.vcxprojResolveAssemblyReference.cache
F:\Conference\branches\dev_v3.0\obj\Debug\Conference\Conference.write.1.tlog
F:\CONFERENCE\BRANCHES\DEV_V3.0\OBJ\DEBUG\CONFERENCE\CONFERENCE_UD.EXE.INTERMEDIATE.MANIFEST
F:\Conference\branches\dev_v3.0\obj\Debug\Conference\Conference_ud.pch
F:\CONFERENCE\BRANCHES\DEV_V3.0\OBJ\DEBUG\CONFERENCE\DLGAVSETTING.OBJ
F:\CONFERENCE\BRANCHES\DEV_V3.0\OBJ\DEBUG\CONFERENCE\DLGCONFERENCE.OBJ
F:\CONFERENCE\BRANCHES\DEV_V3.0\OBJ\DEBUG\CONFERENCE\DLGCONTACTS.OBJ
F:\CONFERENCE\BRANCHES\DEV_V3.0\OBJ\DEBUG\CONFERENCE\DLGGUEST.OBJ
F:\CONFERENCE\BRANCHES\DEV_V3.0\OBJ\DEBUG\CONFERENCE\DLGLOGIN.OBJ
F:\CONFERENCE\BRANCHES\DEV_V3.0\OBJ\DEBUG\CONFERENCE\DLGLOGINGUEST.OBJ
F:\CONFERENCE\BRANCHES\DEV_V3.0\OBJ\DEBUG\CONFERENCE\DLGMODERATOR.OBJ
F:\CONFERENCE\BRANCHES\DEV_V3.0\OBJ\DEBUG\CONFERENCE\DLGPRIVATECHAT.OBJ
F:\CONFERENCE\BRANCHES\DEV_V3.0\OBJ\DEBUG\CONFERENCE\DLGROOMSETTING.OBJ
F:\CONFERENCE\BRANCHES\DEV_V3.0\OBJ\DEBUG\CONFERENCE\DLGSETPHOTOPATH.OBJ
F:\CONFERENCE\BRANCHES\DEV_V3.0\OBJ\DEBUG\CONFERENCE\DLGSETTING.OBJ
F:\CONFERENCE\BRANCHES\DEV_V3.0\OBJ\DEBUG\CONFERENCE\DLGSHARING.OBJ
F:\Conference\branches\dev_v3.0\obj\Debug\Conference\link.command.1.tlog
F:\Conference\branches\dev_v3.0\obj\Debug\Conference\link.read.1.tlog
F:\Conference\branches\dev_v3.0\obj\Debug\Conference\link.write.1.tlog
F:\Conference\branches\dev_v3.0\obj\Debug\Conference\link-cvtres.read.1.tlog
F:\Conference\branches\dev_v3.0\obj\Debug\Conference\link-cvtres.write.1.tlog
F:\CONFERENCE\BRANCHES\DEV_V3.0\OBJ\DEBUG\CONFERENCE\MAIN.OBJ
F:\CONFERENCE\BRANCHES\DEV_V3.0\OBJ\DEBUG\CONFERENCE\MAINFRAME.OBJ
F:\CONFERENCE\BRANCHES\DEV_V3.0\OBJ\DEBUG\CONFERENCE\MENUTRAY.OBJ
F:\CONFERENCE\BRANCHES\DEV_V3.0\OBJ\DEBUG\CONFERENCE\MIXERINFO.OBJ
F:\CONFERENCE\BRANCHES\DEV_V3.0\OBJ\DEBUG\CONFERENCE\MSGAPPLYFORBID.OBJ
F:\CONFERENCE\BRANCHES\DEV_V3.0\OBJ\DEBUG\CONFERENCE\MSGCOMMON.OBJ
F:\CONFERENCE\BRANCHES\DEV_V3.0\OBJ\DEBUG\CONFERENCE\MSGMODERATOREXIT.OBJ
F:\CONFERENCE\BRANCHES\DEV_V3.0\OBJ\DEBUG\CONFERENCE\MSGROOMEXIT.OBJ
F:\Conference\branches\dev_v3.0\obj\Debug\Conference\mt.command.1.tlog
F:\Conference\branches\dev_v3.0\obj\Debug\Conference\mt.read.1.tlog
F:\Conference\branches\dev_v3.0\obj\Debug\Conference\mt.write.1.tlog
F:\Conference\branches\dev_v3.0\obj\Debug\Conference\rc.command.1.tlog
F:\Conference\branches\dev_v3.0\obj\Debug\Conference\rc.read.1.tlog
F:\Conference\branches\dev_v3.0\obj\Debug\Conference\rc.write.1.tlog
F:\CONFERENCE\BRANCHES\DEV_V3.0\OBJ\DEBUG\CONFERENCE\SOAPC.OBJ
F:\CONFERENCE\BRANCHES\DEV_V3.0\OBJ\DEBUG\CONFERENCE\SOAPCLIENT.OBJ
F:\CONFERENCE\BRANCHES\DEV_V3.0\OBJ\DEBUG\CONFERENCE\STDAFX.OBJ
F:\CONFERENCE\BRANCHES\DEV_V3.0\OBJ\DEBUG\CONFERENCE\STDSOAP2.OBJ
F:\CONFERENCE\BRANCHES\DEV_V3.0\OBJ\DEBUG\CONFERENCE\UTIL.OBJ
F:\Conference\branches\dev_v3.0\obj\Debug\Conference\vc100.idb
F:\CONFERENCE\BRANCHES\DEV_V3.0\OBJ\DEBUG\CONFERENCE\VC100.PDB
F:\CONFERENCE\BRANCHES\DEV_V3.0\OBJ\DEBUG\CONFERENCE\VIDEOCAPTURE.OBJ
F:\CONFERENCE\BRANCHES\DEV_V3.0\OBJ\DEBUG\CONFERENCE\WAVE.OBJ
F:\CONFERENCE\BRANCHES\DEV_V3.0\OBJ\DEBUG\CONFERENCE\WNDCONTROL.OBJ
F:\CONFERENCE\BRANCHES\DEV_V3.0\OBJ\DEBUG\CONFERENCE\WNDFASTREPLY.OBJ
F:\CONFERENCE\BRANCHES\DEV_V3.0\OBJ\DEBUG\CONFERENCE\WNDINPUTPIN.OBJ
F:\CONFERENCE\BRANCHES\DEV_V3.0\OBJ\DEBUG\CONFERENCE\WNDLECTUREMODE.OBJ
F:\CONFERENCE\BRANCHES\DEV_V3.0\OBJ\DEBUG\CONFERENCE\WNDPROCESSING.OBJ
F:\CONFERENCE\BRANCHES\DEV_V3.0\OBJ\DEBUG\CONFERENCE\WNDRIGHTTOPBAR.OBJ
F:\CONFERENCE\BRANCHES\DEV_V3.0\OBJ\DEBUG\CONFERENCE\WNDSETMIC.OBJ
F:\CONFERENCE\BRANCHES\DEV_V3.0\OBJ\DEBUG\CONFERENCE\WNDSETPHOTO.OBJ
F:\CONFERENCE\BRANCHES\DEV_V3.0\OBJ\DEBUG\CONFERENCE\WNDSETPHOTOPATH.OBJ
F:\CONFERENCE\BRANCHES\DEV_V3.0\OBJ\DEBUG\CONFERENCE\WNDSETSPEAKER.OBJ
F:\CONFERENCE\BRANCHES\DEV_V3.0\OBJ\DEBUG\CONFERENCE\WNDSETVIDEO.OBJ
F:\CONFERENCE\BRANCHES\DEV_V3.0\OBJ\DEBUG\CONFERENCE\WNDTOOLBAR.OBJ
F:\CONFERENCE\BRANCHES\DEV_V3.0\OBJ\DEBUG\CONFERENCE\WSGSOAP.OBJ
F:\Conference\branches\dev_v3.0\Source\Conference\../../bin/Conference_ud.exe
