../../bin/Conference_d.pdb
F:\CONFERENCE\BRANCHES\DEV_V3.0\BIN\CONFERENCE_D.EXE
F:\CONFERENCE\BRANCHES\DEV_V3.0\BIN\CONFERENCE_D.PDB
F:\Conference\branches\dev_v3.0\obj\Debug\Conference\cl.command.1.tlog
F:\Conference\branches\dev_v3.0\obj\Debug\Conference\CL.read.1.tlog
F:\Conference\branches\dev_v3.0\obj\Debug\Conference\CL.write.1.tlog
F:\CONFERENCE\BRANCHES\DEV_V3.0\OBJ\DEBUG\CONFERENCE\CONFERENCE_D.EXE.INTERMEDIATE.MANIFEST
F:\CONFERENCE\BRANCHES\DEV_V3.0\OBJ\DEBUG\CONFERENCE\CONFERENCE_D.PCH
F:\Conference\branches\dev_v3.0\obj\Debug\Conference\link.command.1.tlog
F:\Conference\branches\dev_v3.0\obj\Debug\Conference\link.read.1.tlog
F:\Conference\branches\dev_v3.0\obj\Debug\Conference\link.write.1.tlog
F:\CONFERENCE\BRANCHES\DEV_V3.0\OBJ\DEBUG\CONFERENCE\MAIN.OBJ
F:\CONFERENCE\BRANCHES\DEV_V3.0\OBJ\DEBUG\CONFERENCE\MAINFRAME.OBJ
F:\Conference\branches\dev_v3.0\obj\Debug\Conference\mt.command.1.tlog
F:\Conference\branches\dev_v3.0\obj\Debug\Conference\mt.read.1.tlog
F:\Conference\branches\dev_v3.0\obj\Debug\Conference\mt.write.1.tlog
F:\CONFERENCE\BRANCHES\DEV_V3.0\OBJ\DEBUG\CONFERENCE\STDAFX.OBJ
F:\Conference\branches\dev_v3.0\obj\Debug\Conference\vc100.idb
F:\CONFERENCE\BRANCHES\DEV_V3.0\OBJ\DEBUG\CONFERENCE\VC100.PDB
F:\Conference\branches\dev_v3.0\Source\Conference\../../bin/Conference_d.exe
